* using log directory 'C:/Users/balta_000/Dysk Google/kursy pan/advanced r/hw6/hw6/bbhw6/bbhw6.Rcheck'
* using R version 3.1.0 (2014-04-10)
* using platform: x86_64-w64-mingw32 (64-bit)
* using session charset: CP1250
* checking for file 'bbhw6/DESCRIPTION' ... OK
* checking extension type ... Package
* this is package 'bbhw6' version '1.0'
* package encoding: UTF-8
* checking CRAN incoming feasibility ... NOTE
Maintainer: 'Baltazar Bieniek <baltazar@bieniek.org.pl>'
New submission
* checking package namespace information ... OK
* checking package dependencies ... NOTE
  No repository set, so cyclic dependency check skipped
* checking if this is a source package ... OK
* checking if there is a namespace ... OK
* checking for executable files ... OK
* checking for hidden files and directories ... OK
* checking for portable file names ... OK
* checking whether package 'bbhw6' can be installed ... [33s] OK
* checking installed package size ... OK
* checking package directory ... OK
* checking 'build' directory ... OK
* checking DESCRIPTION meta-information ... OK
* checking top-level files ... OK
* checking for left-over files ... OK
* checking index information ... OK
* checking package subdirectories ... OK
* checking R files for non-ASCII characters ... OK
* checking R files for syntax errors ... OK
* loading checks for arch 'i386'
** checking whether the package can be loaded ... OK
** checking whether the package can be loaded with stated dependencies ... OK
** checking whether the package can be unloaded cleanly ... OK
** checking whether the namespace can be loaded with stated dependencies ... OK
** checking whether the namespace can be unloaded cleanly ... OK
** checking loading without being on the library search path ... OK
* loading checks for arch 'x64'
** checking whether the package can be loaded ... OK
** checking whether the package can be loaded with stated dependencies ... OK
** checking whether the package can be unloaded cleanly ... OK
** checking whether the namespace can be loaded with stated dependencies ... OK
** checking whether the namespace can be unloaded cleanly ... OK
** checking loading without being on the library search path ... OK
* checking dependencies in R code ... OK
* checking S3 generic/method consistency ... OK
* checking replacement functions ... OK
* checking foreign function calls ... OK
* checking R code for possible problems ... OK
* checking Rd files ... OK
* checking Rd metadata ... OK
* checking Rd line widths ... OK
* checking Rd cross-references ... OK
* checking for missing documentation entries ... OK
* checking for code/documentation mismatches ... OK
* checking Rd \usage sections ... OK
* checking Rd contents ... OK
* checking for unstated dependencies in examples ... OK
* checking line endings in C/C++/Fortran sources/headers ... OK
* checking line endings in Makefiles ... OK
* checking compilation flags in Makevars ... OK
* checking for portable use of $(BLAS_LIBS) and $(LAPACK_LIBS) ... OK
* checking compiled code ... OK
 WARNING
'qpdf' is needed for checks on size reduction of PDFs
* checking installed files from 'inst/doc' ... OK
* checking files in 'vignettes' ... OK
* checking examples ... NONE
* checking for unstated dependencies in tests ... OK
* checking tests ...
** running tests for arch 'i386' ... OK
  Running 'testthat.R'
** running tests for arch 'x64' ... OK
  Running 'testthat.R'
* checking for unstated dependencies in vignettes ... OK
* checking package vignettes in 'inst/doc' ... OK
* checking running R code from vignettes ... [102s] OK
* checking re-building of vignette outputs ... OK
* checking PDF version of manual ... WARNING
LaTeX errors when creating PDF version.
This typically indicates Rd problems.
LaTeX errors found:
! Undefined control sequence.
\GenericError  ...                                
                                                    #4  \errhelp \@err@     ...
l.34 ...A{bbhw6−package}{bbhw6}{bbhw6−package}
                                                  
! Undefined control sequence.
\GenericError  ...                                
                                                  \let \@err@               ...
l.34 ...A{bbhw6−package}{bbhw6}{bbhw6−package}
                                                  
! Undefined control sequence.
\GenericError  ...                                
                                                  \@empty \def \MessageBreak...
l.34 ...A{bbhw6−package}{bbhw6}{bbhw6−package}
                                                  
! Undefined control sequence.
\GenericError  ...                                
                                                     \endgroup 
l.34 ...A{bbhw6−package}{bbhw6}{bbhw6−package}
                                                  
! Undefined control sequence.
\GenericError  ...                                
                                                    #4  \errhelp \@err@     ...
l.34 ...A{bbhw6−package}{bbhw6}{bbhw6−package}
                                                  
! Undefined control sequence.
\GenericError  ...                                
                                                  \let \@err@               ...
l.34 ...A{bbhw6−package}{bbhw6}{bbhw6−package}
                                                  
! Undefined control sequence.
\GenericError  ...                                
                                                  \@empty \def \MessageBreak...
l.34 ...A{bbhw6−package}{bbhw6}{bbhw6−package}
                                                  
! Undefined control sequence.
\GenericError  ...                                
                                                     \endgroup 
l.34 ...A{bbhw6−package}{bbhw6}{bbhw6−package}
                                                  
! Package inputenc Error: Unicode char \u8:− not set up for use with LaTeX.

See the inputenc package documentation for explanation.
Type  H <return>  for immediate help.
 ...                                              
! Package inputenc Error: Unicode char \u8:− not set up for use with LaTeX.

See the inputenc package documentation for explanation.
Type  H <return>  for immediate help.
 ...                                              
! Use of \@item doesn't match its definition.
\DeclareInputText #1#2->\def \reserved@a ##
                                           1 ${}\def \reserved@b {#2}\ifcat ...
l.50 mode(x)
            
! Incomplete \iffalse; all text was ignored after line 50.
<inserted text> 
                \fi 
l.50 mode(x)
            
! Incomplete \iffalse; all text was ignored after line 50.
<inserted text> 
                \fi 
l.50 mode(x)
            
! Forbidden control sequence found while scanning text of \write.
<inserted text> 
                }
l.50 mode(x)
            
! Forbidden control sequence found while scanning text of \write.
<inserted text> 
                }
l.50 mode(x)
            
! Forbidden control sequence found while scanning text of \write.
<inserted text> 
                }
l.50 mode(x)
            
! Forbidden control sequence found while scanning text of \write.
<inserted text> 
                }
l.50 mode(x)
            
! Forbidden control sequence found while scanning text of \write.
<inserted text> 
                }
l.50 mode(x)
            
! Use of \@item doesn't match its definition.
\DeclareInputText #1#2->\def \reserved@a ##
                                           1 ${}\def \reserved@b {#2}\ifcat ...
l.50 mode(x)
            
! Incomplete \iffalse; all text was ignored after line 50.
<inserted text> 
                \fi 
l.50 mode(x)
            
! Incomplete \iffalse; all text was ignored after line 50.
<inserted text> 
                \fi 
l.50 mode(x)
            
! Forbidden control sequence found while scanning text of \write.
<inserted text> 
                }
l.50 mode(x)
            
! Forbidden control sequence found while scanning text of \write.
<inserted text> 
                }
l.50 mode(x)
            
! Forbidden control sequence found while scanning text of \write.
<inserted text> 
                }
l.50 mode(x)
            
! Forbidden control sequence found while scanning text of \write.
<inserted text> 
                }
l.50 mode(x)
            
! Forbidden control sequence found while scanning text of \write.
<inserted text> 
                }
l.50 mode(x)
            
* checking PDF version of manual without hyperrefs or index ... ERROR
