Hmm ... looks like a package
This is pdfTeX, Version 3.1415926-2.5-1.40.14 (MiKTeX 2.9)
entering extended mode
(C:\Users\BALTA_~1\AppData\Local\Temp\RtmpKGth3F\Rd2pdf128841163aef\Rd2.tex
LaTeX2e <2011/06/27>
Babel <v3.8m> and hyphenation patterns for english, afrikaans, ancientgreek, ar
abic, armenian, assamese, basque, bengali, bokmal, bulgarian, catalan, coptic, 
croatian, czech, danish, dutch, esperanto, estonian, farsi, finnish, french, ga
lician, german, german-x-2013-05-26, greek, gujarati, hindi, hungarian, iceland
ic, indonesian, interlingua, irish, italian, kannada, kurmanji, latin, latvian,
 lithuanian, malayalam, marathi, mongolian, mongolianlmc, monogreek, ngerman, n
german-x-2013-05-26, nynorsk, oriya, panjabi, pinyin, polish, portuguese, roman
ian, russian, sanskrit, serbian, slovak, slovenian, spanish, swedish, swissgerm
an, tamil, telugu, turkish, turkmen, ukenglish, ukrainian, uppersorbian, usengl
ishmax, welsh, loaded.

("C:\Program Files (x86)\MiKTeX 2.9\tex\latex\base\book.cls"
Document Class: book 2007/10/19 v1.4h Standard LaTeX document class
("C:\Program Files (x86)\MiKTeX 2.9\tex\latex\base\bk10.clo"))
(C:/PROGRA~1/R/R-31~1.0/share/texmf/tex/latex\Rd.sty
("C:\Program Files (x86)\MiKTeX 2.9\tex\latex\base\ifthen.sty")
("C:\Program Files (x86)\MiKTeX 2.9\tex\latex\tools\longtable.sty")
("C:\Program Files (x86)\MiKTeX 2.9\tex\latex\tools\bm.sty")
("C:\Program Files (x86)\MiKTeX 2.9\tex\latex\base\alltt.sty")
("C:\Program Files (x86)\MiKTeX 2.9\tex\latex\tools\verbatim.sty")
("C:\Program Files (x86)\MiKTeX 2.9\tex\latex\url\url.sty")
("C:\Program Files (x86)\MiKTeX 2.9\tex\latex\base\textcomp.sty"
("C:\Program Files (x86)\MiKTeX 2.9\tex\latex\base\ts1enc.def"))
("C:\Program Files (x86)\MiKTeX 2.9\tex\latex\base\fontenc.sty"
("C:\Program Files (x86)\MiKTeX 2.9\tex\latex\base\t1enc.def"))
("C:\Program Files (x86)\MiKTeX 2.9\tex\latex\psnfss\times.sty"))
("C:\Program Files (x86)\MiKTeX 2.9\tex\latex\base\inputenc.sty"
("C:\Program Files (x86)\MiKTeX 2.9\tex\latex\base\utf8.def"
("C:\Program Files (x86)\MiKTeX 2.9\tex\latex\base\t1enc.dfu")
("C:\Program Files (x86)\MiKTeX 2.9\tex\latex\base\ot1enc.dfu")
("C:\Program Files (x86)\MiKTeX 2.9\tex\latex\base\omsenc.dfu")
("C:\Program Files (x86)\MiKTeX 2.9\tex\latex\base\ts1enc.dfu")))
No file Rd2.aux.
("C:\Program Files (x86)\MiKTeX 2.9\tex\latex\base\ts1cmr.fd")
("C:\Program Files (x86)\MiKTeX 2.9\tex\latex\psnfss\t1ptm.fd")
("C:\Program Files (x86)\MiKTeX 2.9\tex\latex\base\utf8.def")
("C:\Program Files (x86)\MiKTeX 2.9\tex\latex\psnfss\t1pcr.fd")
("C:\Program Files (x86)\MiKTeX 2.9\tex\latex\psnfss\t1phv.fd")
No file Rd2.toc.
("C:\Program Files (x86)\MiKTeX 2.9\tex\latex\base\utf8.def")

! Package inputenc Error: Unicode char \u8:− not set up for use with LaTeX.

See the inputenc package documentation for explanation.
Type  H <return>  for immediate help.
 ...                                              
                                                  
l.32 ...A{bbhw6−package}{bbhw6}{bbhw6−package}
                                                  

! Package inputenc Error: Unicode char \u8:− not set up for use with LaTeX.

See the inputenc package documentation for explanation.
Type  H <return>  for immediate help.
 ...                                              
                                                  
l.32 ...A{bbhw6−package}{bbhw6}{bbhw6−package}
                                                  
("C:\Program Files (x86)\MiKTeX 2.9\tex\latex\base\utf8.def") [1{C:/ProgramData
/MiKTeX/2.9/pdftex/config/pdftex.map}]
("C:\Program Files (x86)\MiKTeX 2.9\tex\latex\base\utf8.def")
("C:\Program Files (x86)\MiKTeX 2.9\tex\latex\base\utf8.def") [2] [3]
(C:\Users\BALTA_~1\AppData\Local\Temp\RtmpKGth3F\Rd2pdf128841163aef\Rd2.aux) )
(see the transcript file for additional information){C:/Program Files (x86)/MiK
TeX 2.9/fonts/enc/dvips/fontname/8r.enc}<C:/Program Files (x86)/MiKTeX 2.9/font
s/type1/urw/courier/ucrr8a.pfb><C:/Program Files (x86)/MiKTeX 2.9/fonts/type1/u
rw/helvetic/uhvr8a.pfb><C:/Program Files (x86)/MiKTeX 2.9/fonts/type1/urw/times
/utmb8a.pfb><C:/Program Files (x86)/MiKTeX 2.9/fonts/type1/urw/times/utmr8a.pfb
><C:/Program Files (x86)/MiKTeX 2.9/fonts/type1/urw/times/utmr8a.pfb><C:/Progra
m Files (x86)/MiKTeX 2.9/fonts/type1/urw/times/utmri8a.pfb>
Output written on Rd2.pdf (3 pages, 65741 bytes).
Transcript written on Rd2.log.
Warning: running command '"pdflatex" -interaction=nonstopmode "Rd2.tex"' had status 1
Error in texi2dvi(file = file, pdf = TRUE, clean = clean, quiet = quiet,  : 
  unable to run 'pdflatex' on 'Rd2.tex'
Error in running tools::texi2pdf()
You may want to clean up by 'rm -rf C:/Users/BALTA_~1/AppData/Local/Temp/RtmpKGth3F/Rd2pdf128841163aef'
